<?xml version="1.0" encoding="UTF-8" ?>
<testsuite tests="2" failures="0" name="id.its.akademik.rest.test.WaliRestEndpointTest" time="0.769" errors="2" skipped="0">
  <properties>
[...]
</properties>
  <testcase classname="id.its.akademik.rest.test.WaliRestEndpointTest" name="canGetWaliByPhone" time="0.468">
    <error message="Failed to load ApplicationContext" type="java.lang.IllegalStateException">java.lang.IllegalStateException: Failed to load ApplicationContext
	at org.springframework.test.context.CacheAwareContextLoaderDelegate.loadContext(CacheAwareContextLoaderDelegate.java:99)
	at org.springframework.test.context.DefaultTestContext.getApplicationContext(DefaultTestContext.java:101)
	at org.springframework.test.context.support.DependencyInjectionTestExecutionListener.injectDependencies(DependencyInjectionTestExecutionListener.java:109)
	at org.springframework.test.context.support.DependencyInjectionTestExecutionListener.prepareTestInstance(DependencyInjectionTestExecutionListener.java:75)
	at org.springframework.test.context.TestContextManager.prepareTestInstance(TestContextManager.java:326)
	at org.springframework.test.context.junit4.SpringJUnit4ClassRunner.createTest(SpringJUnit4ClassRunner.java:212)
	at org.springframework.test.context.junit4.SpringJUnit4ClassRunner$1.runReflectiveCall(SpringJUnit4ClassRunner.java:289)
	at org.junit.internal.runners.model.ReflectiveCallable.run(ReflectiveCallable.java:12)
	at org.springframework.test.context.junit4.SpringJUnit4ClassRunner.methodBlock(SpringJUnit4ClassRunner.java:291)
	at org.springframework.test.context.junit4.SpringJUnit4ClassRunner.runChild(SpringJUnit4ClassRunner.java:232)
	at org.springframework.test.context.junit4.SpringJUnit4ClassRunner.runChild(SpringJUnit4ClassRunner.java:89)
	at org.junit.runners.ParentRunner$3.run(ParentRunner.java:290)
	at org.junit.runners.ParentRunner$1.schedule(ParentRunner.java:71)
	at org.junit.runners.ParentRunner.runChildren(ParentRunner.java:288)
	at org.junit.runners.ParentRunner.access$000(ParentRunner.java:58)
	at org.junit.runners.ParentRunner$2.evaluate(ParentRunner.java:268)
	at org.springframework.test.context.junit4.statements.RunBeforeTestClassCallbacks.evaluate(RunBeforeTestClassCallbacks.java:61)
	at org.springframework.test.context.junit4.statements.RunAfterTestClassCallbacks.evaluate(RunAfterTestClassCallbacks.java:71)
	at org.junit.runners.ParentRunner.run(ParentRunner.java:363)
	at org.springframework.test.context.junit4.SpringJUnit4ClassRunner.run(SpringJUnit4ClassRunner.java:175)
	at org.apache.maven.surefire.junit4.JUnit4Provider.execute(JUnit4Provider.java:252)
	at org.apache.maven.surefire.junit4.JUnit4Provider.executeTestSet(JUnit4Provider.java:141)
	at org.apache.maven.surefire.junit4.JUnit4Provider.invoke(JUnit4Provider.java:112)
	at sun.reflect.NativeMethodAccessorImpl.invoke0(Native Method)
	at sun.reflect.NativeMethodAccessorImpl.invoke(NativeMethodAccessorImpl.java:62)
	at sun.reflect.DelegatingMethodAccessorImpl.invoke(DelegatingMethodAccessorImpl.java:43)
	at java.lang.reflect.Method.invoke(Method.java:498)
	at org.apache.maven.surefire.util.ReflectionUtils.invokeMethodWithArray(ReflectionUtils.java:189)
	at org.apache.maven.surefire.booter.ProviderFactory$ProviderProxy.invoke(ProviderFactory.java:165)
	at org.apache.maven.surefire.booter.ProviderFactory.invokeProvider(ProviderFactory.java:85)
	at org.apache.maven.surefire.booter.ForkedBooter.runSuitesInProcess(ForkedBooter.java:115)
	at org.apache.maven.surefire.booter.ForkedBooter.main(ForkedBooter.java:75)
Caused by: org.springframework.beans.factory.BeanCreationException: Error creating bean with name &apos;testCxfServer&apos;: Invocation of init method failed; nested exception is org.apache.cxf.service.factory.ServiceConstructionException
	at org.springframework.beans.factory.support.AbstractAutowireCapableBeanFactory.initializeBean(AbstractAutowireCapableBeanFactory.java:1553)
	at org.springframework.beans.factory.support.AbstractAutowireCapableBeanFactory.doCreateBean(AbstractAutowireCapableBeanFactory.java:539)
	at org.springframework.beans.factory.support.AbstractAutowireCapableBeanFactory.createBean(AbstractAutowireCapableBeanFactory.java:475)
	at org.springframework.beans.factory.support.AbstractBeanFactory$1.getObject(AbstractBeanFactory.java:304)
	at org.springframework.beans.factory.support.DefaultSingletonBeanRegistry.getSingleton(DefaultSingletonBeanRegistry.java:228)
	at org.springframework.beans.factory.support.AbstractBeanFactory.doGetBean(AbstractBeanFactory.java:300)
	at org.springframework.beans.factory.support.AbstractBeanFactory.getBean(AbstractBeanFactory.java:195)
	at org.springframework.beans.factory.support.DefaultListableBeanFactory.preInstantiateSingletons(DefaultListableBeanFactory.java:700)
	at org.springframework.context.support.AbstractApplicationContext.finishBeanFactoryInitialization(AbstractApplicationContext.java:760)
	at org.springframework.context.support.AbstractApplicationContext.refresh(AbstractApplicationContext.java:482)
	at org.springframework.test.context.support.AbstractGenericContextLoader.loadContext(AbstractGenericContextLoader.java:121)
	at org.springframework.test.context.support.AbstractGenericContextLoader.loadContext(AbstractGenericContextLoader.java:60)
	at org.springframework.test.context.support.AbstractDelegatingSmartContextLoader.delegateLoading(AbstractDelegatingSmartContextLoader.java:100)
	at org.springframework.test.context.support.AbstractDelegatingSmartContextLoader.loadContext(AbstractDelegatingSmartContextLoader.java:250)
	at org.springframework.test.context.CacheAwareContextLoaderDelegate.loadContextInternal(CacheAwareContextLoaderDelegate.java:64)
	at org.springframework.test.context.CacheAwareContextLoaderDelegate.loadContext(CacheAwareContextLoaderDelegate.java:91)
	... 31 more
Caused by: org.apache.cxf.service.factory.ServiceConstructionException
	at org.apache.cxf.jaxrs.JAXRSServerFactoryBean.create(JAXRSServerFactoryBean.java:213)
	at sun.reflect.NativeMethodAccessorImpl.invoke0(Native Method)
	at sun.reflect.NativeMethodAccessorImpl.invoke(NativeMethodAccessorImpl.java:62)
	at sun.reflect.DelegatingMethodAccessorImpl.invoke(DelegatingMethodAccessorImpl.java:43)
	at java.lang.reflect.Method.invoke(Method.java:498)
	at org.springframework.beans.factory.support.AbstractAutowireCapableBeanFactory.invokeCustomInitMethod(AbstractAutowireCapableBeanFactory.java:1681)
	at org.springframework.beans.factory.support.AbstractAutowireCapableBeanFactory.invokeInitMethods(AbstractAutowireCapableBeanFactory.java:1620)
	at org.springframework.beans.factory.support.AbstractAutowireCapableBeanFactory.initializeBean(AbstractAutowireCapableBeanFactory.java:1549)
	... 46 more
Caused by: java.io.IOException: Cannot find any registered HttpDestinationFactory from the Bus.
	at org.apache.cxf.transport.http.HTTPTransportFactory.getDestination(HTTPTransportFactory.java:296)
	at org.apache.cxf.endpoint.ServerImpl.initDestination(ServerImpl.java:83)
	at org.apache.cxf.endpoint.ServerImpl.&lt;init&gt;(ServerImpl.java:62)
	at org.apache.cxf.jaxrs.JAXRSServerFactoryBean.create(JAXRSServerFactoryBean.java:165)
	... 53 more
</error>
    <system-out>11:47:53.689 [main] DEBUG org.apache.cxf.configuration.spring.AbstractBeanDefinitionParser - Adding org.apache.cxf.configuration.spring.AbstractBeanDefinitionParser.wireBus attribute PROPERTY to bean org.springframework.beans.factory.support.BeanDefinitionBuilder@57b75756
11:47:53.708 [main] DEBUG com.zaxxer.hikari.HikariConfig - dbAkadPool - configuration:
11:47:53.708 [main] DEBUG com.zaxxer.hikari.HikariConfig - allowPoolSuspension.............false
11:47:53.708 [main] DEBUG com.zaxxer.hikari.HikariConfig - autoCommit......................true
11:47:53.708 [main] DEBUG com.zaxxer.hikari.HikariConfig - catalog.........................null
11:47:53.708 [main] DEBUG com.zaxxer.hikari.HikariConfig - connectionInitSql...............null
11:47:53.708 [main] DEBUG com.zaxxer.hikari.HikariConfig - connectionTestQuery.............&quot;SELECT 1&quot;
11:47:53.708 [main] DEBUG com.zaxxer.hikari.HikariConfig - connectionTimeout...............30000
11:47:53.708 [main] DEBUG com.zaxxer.hikari.HikariConfig - dataSource......................null
11:47:53.708 [main] DEBUG com.zaxxer.hikari.HikariConfig - dataSourceClassName.............&quot;com.microsoft.sqlserver.jdbc.SQLServerDataSource&quot;
11:47:53.708 [main] DEBUG com.zaxxer.hikari.HikariConfig - dataSourceJNDI..................null
11:47:53.708 [main] DEBUG com.zaxxer.hikari.HikariConfig - dataSourceProperties............{user=akademik_api, url=jdbc:sqlserver://10.199.2.23:1433;databaseName=SIAKAD;, password=&lt;masked&gt;}
11:47:53.708 [main] DEBUG com.zaxxer.hikari.HikariConfig - driverClassName.................null
11:47:53.708 [main] DEBUG com.zaxxer.hikari.HikariConfig - healthCheckProperties...........{}
11:47:53.708 [main] DEBUG com.zaxxer.hikari.HikariConfig - healthCheckRegistry.............null
11:47:53.708 [main] DEBUG com.zaxxer.hikari.HikariConfig - idleTimeout.....................10000
11:47:53.708 [main] DEBUG com.zaxxer.hikari.HikariConfig - initializationFailFast..........true
11:47:53.708 [main] DEBUG com.zaxxer.hikari.HikariConfig - isolateInternalQueries..........false
11:47:53.708 [main] DEBUG com.zaxxer.hikari.HikariConfig - jdbc4ConnectionTest.............false
11:47:53.708 [main] DEBUG com.zaxxer.hikari.HikariConfig - jdbcUrl.........................null
11:47:53.708 [main] DEBUG com.zaxxer.hikari.HikariConfig - leakDetectionThreshold..........0
11:47:53.708 [main] DEBUG com.zaxxer.hikari.HikariConfig - maxLifetime.....................1800000
11:47:53.708 [main] DEBUG com.zaxxer.hikari.HikariConfig - maximumPoolSize.................10
11:47:53.708 [main] DEBUG com.zaxxer.hikari.HikariConfig - metricRegistry..................null
11:47:53.708 [main] DEBUG com.zaxxer.hikari.HikariConfig - metricsTrackerFactory...........null
11:47:53.708 [main] DEBUG com.zaxxer.hikari.HikariConfig - minimumIdle.....................10
11:47:53.708 [main] DEBUG com.zaxxer.hikari.HikariConfig - password........................&lt;masked&gt;
11:47:53.708 [main] DEBUG com.zaxxer.hikari.HikariConfig - poolName........................&quot;dbAkadPool&quot;
11:47:53.708 [main] DEBUG com.zaxxer.hikari.HikariConfig - readOnly........................false
11:47:53.708 [main] DEBUG com.zaxxer.hikari.HikariConfig - registerMbeans..................false
11:47:53.708 [main] DEBUG com.zaxxer.hikari.HikariConfig - scheduledExecutorService........null
11:47:53.708 [main] DEBUG com.zaxxer.hikari.HikariConfig - threadFactory...................null
11:47:53.708 [main] DEBUG com.zaxxer.hikari.HikariConfig - transactionIsolation............null
11:47:53.708 [main] DEBUG com.zaxxer.hikari.HikariConfig - username........................null
11:47:53.708 [main] DEBUG com.zaxxer.hikari.HikariConfig - validationTimeout...............5000
11:47:53.708 [main] INFO com.zaxxer.hikari.HikariDataSource - dbAkadPool - Started.
11:47:53.743 [main] DEBUG com.zaxxer.hikari.HikariConfig - dbIntegraPool - configuration:
11:47:53.747 [main] DEBUG com.zaxxer.hikari.HikariConfig - allowPoolSuspension.............false
11:47:53.747 [main] DEBUG com.zaxxer.hikari.HikariConfig - autoCommit......................true
11:47:53.747 [main] DEBUG com.zaxxer.hikari.HikariConfig - catalog.........................null
11:47:53.747 [main] DEBUG com.zaxxer.hikari.HikariConfig - connectionInitSql...............null
11:47:53.747 [main] DEBUG com.zaxxer.hikari.HikariConfig - connectionTestQuery.............&quot;SELECT 1&quot;
11:47:53.748 [main] DEBUG com.zaxxer.hikari.HikariConfig - connectionTimeout...............30000
11:47:53.748 [main] DEBUG com.zaxxer.hikari.HikariConfig - dataSource......................null
11:47:53.748 [main] DEBUG com.zaxxer.hikari.HikariConfig - dataSourceClassName.............&quot;com.microsoft.sqlserver.jdbc.SQLServerDataSource&quot;
11:47:53.748 [main] DEBUG com.zaxxer.hikari.HikariConfig - dataSourceJNDI..................null
11:47:53.748 [main] DEBUG com.zaxxer.hikari.HikariConfig - dataSourceProperties............{user=readonly, url=jdbc:sqlserver://oltp.its.ac.id:1433;databaseName=ITSGATE;, password=&lt;masked&gt;}
11:47:53.748 [main] DEBUG com.zaxxer.hikari.HikariConfig - driverClassName.................null
11:47:53.748 [main] DEBUG com.zaxxer.hikari.HikariConfig - healthCheckProperties...........{}
11:47:53.748 [main] DEBUG com.zaxxer.hikari.HikariConfig - healthCheckRegistry.............null
11:47:53.748 [main] DEBUG com.zaxxer.hikari.HikariConfig - idleTimeout.....................10000
11:47:53.748 [main] DEBUG com.zaxxer.hikari.HikariConfig - initializationFailFast..........true
11:47:53.748 [main] DEBUG com.zaxxer.hikari.HikariConfig - isolateInternalQueries..........false
11:47:53.748 [main] DEBUG com.zaxxer.hikari.HikariConfig - jdbc4ConnectionTest.............false
11:47:53.748 [main] DEBUG com.zaxxer.hikari.HikariConfig - jdbcUrl.........................null
11:47:53.748 [main] DEBUG com.zaxxer.hikari.HikariConfig - leakDetectionThreshold..........0
11:47:53.748 [main] DEBUG com.zaxxer.hikari.HikariConfig - maxLifetime.....................1800000
11:47:53.748 [main] DEBUG com.zaxxer.hikari.HikariConfig - maximumPoolSize.................10
11:47:53.748 [main] DEBUG com.zaxxer.hikari.HikariConfig - metricRegistry..................null
11:47:53.748 [main] DEBUG com.zaxxer.hikari.HikariConfig - metricsTrackerFactory...........null
11:47:53.748 [main] DEBUG com.zaxxer.hikari.HikariConfig - minimumIdle.....................10
11:47:53.748 [main] DEBUG com.zaxxer.hikari.HikariConfig - password........................&lt;masked&gt;
11:47:53.748 [main] DEBUG com.zaxxer.hikari.HikariConfig - poolName........................&quot;dbIntegraPool&quot;
11:47:53.748 [main] DEBUG com.zaxxer.hikari.HikariConfig - readOnly........................false
11:47:53.748 [main] DEBUG com.zaxxer.hikari.HikariConfig - registerMbeans..................false
11:47:53.748 [main] DEBUG com.zaxxer.hikari.HikariConfig - scheduledExecutorService........null
11:47:53.748 [main] DEBUG com.zaxxer.hikari.HikariConfig - threadFactory...................null
11:47:53.748 [main] DEBUG com.zaxxer.hikari.HikariConfig - transactionIsolation............null
11:47:53.748 [main] DEBUG com.zaxxer.hikari.HikariConfig - username........................null
11:47:53.748 [main] DEBUG com.zaxxer.hikari.HikariConfig - validationTimeout...............5000
11:47:53.748 [main] INFO com.zaxxer.hikari.HikariDataSource - dbIntegraPool - Started.
11:47:53.782 [main] DEBUG com.zaxxer.hikari.HikariConfig - dbIntegraPool - configuration:
11:47:53.783 [main] DEBUG com.zaxxer.hikari.HikariConfig - allowPoolSuspension.............false
11:47:53.783 [main] DEBUG com.zaxxer.hikari.HikariConfig - autoCommit......................true
11:47:53.783 [main] DEBUG com.zaxxer.hikari.HikariConfig - catalog.........................null
11:47:53.783 [main] DEBUG com.zaxxer.hikari.HikariConfig - connectionInitSql...............null
11:47:53.783 [main] DEBUG com.zaxxer.hikari.HikariConfig - connectionTestQuery.............&quot;SELECT 1&quot;
11:47:53.783 [main] DEBUG com.zaxxer.hikari.HikariConfig - connectionTimeout...............30000
11:47:53.783 [main] DEBUG com.zaxxer.hikari.HikariConfig - dataSource......................null
11:47:53.783 [main] DEBUG com.zaxxer.hikari.HikariConfig - dataSourceClassName.............&quot;com.microsoft.sqlserver.jdbc.SQLServerDataSource&quot;
11:47:53.783 [main] DEBUG com.zaxxer.hikari.HikariConfig - dataSourceJNDI..................null
11:47:53.783 [main] DEBUG com.zaxxer.hikari.HikariConfig - dataSourceProperties............{user=readonly, url=jdbc:sqlserver://oltp.its.ac.id:1433;databaseName=ITSOIDC;, password=&lt;masked&gt;}
11:47:53.783 [main] DEBUG com.zaxxer.hikari.HikariConfig - driverClassName.................null
11:47:53.783 [main] DEBUG com.zaxxer.hikari.HikariConfig - healthCheckProperties...........{}
11:47:53.783 [main] DEBUG com.zaxxer.hikari.HikariConfig - healthCheckRegistry.............null
11:47:53.783 [main] DEBUG com.zaxxer.hikari.HikariConfig - idleTimeout.....................10000
11:47:53.783 [main] DEBUG com.zaxxer.hikari.HikariConfig - initializationFailFast..........true
11:47:53.783 [main] DEBUG com.zaxxer.hikari.HikariConfig - isolateInternalQueries..........false
11:47:53.783 [main] DEBUG com.zaxxer.hikari.HikariConfig - jdbc4ConnectionTest.............false
11:47:53.783 [main] DEBUG com.zaxxer.hikari.HikariConfig - jdbcUrl.........................null
11:47:53.783 [main] DEBUG com.zaxxer.hikari.HikariConfig - leakDetectionThreshold..........0
11:47:53.783 [main] DEBUG com.zaxxer.hikari.HikariConfig - maxLifetime.....................1800000
11:47:53.783 [main] DEBUG com.zaxxer.hikari.HikariConfig - maximumPoolSize.................10
11:47:53.783 [main] DEBUG com.zaxxer.hikari.HikariConfig - metricRegistry..................null
11:47:53.783 [main] DEBUG com.zaxxer.hikari.HikariConfig - metricsTrackerFactory...........null
11:47:53.783 [main] DEBUG com.zaxxer.hikari.HikariConfig - minimumIdle.....................10
11:47:53.783 [main] DEBUG com.zaxxer.hikari.HikariConfig - password........................&lt;masked&gt;
11:47:53.783 [main] DEBUG com.zaxxer.hikari.HikariConfig - poolName........................&quot;dbIntegraPool&quot;
11:47:53.783 [main] DEBUG com.zaxxer.hikari.HikariConfig - readOnly........................false
11:47:53.783 [main] DEBUG com.zaxxer.hikari.HikariConfig - registerMbeans..................false
11:47:53.783 [main] DEBUG com.zaxxer.hikari.HikariConfig - scheduledExecutorService........null
11:47:53.783 [main] DEBUG com.zaxxer.hikari.HikariConfig - threadFactory...................null
11:47:53.783 [main] DEBUG com.zaxxer.hikari.HikariConfig - transactionIsolation............null
11:47:53.783 [main] DEBUG com.zaxxer.hikari.HikariConfig - username........................null
11:47:53.783 [main] DEBUG com.zaxxer.hikari.HikariConfig - validationTimeout...............5000
11:47:53.783 [main] INFO com.zaxxer.hikari.HikariDataSource - dbIntegraPool - Started.
11:47:53.829 [main] DEBUG org.apache.cxf.configuration.spring.ConfigurerImpl - Could not determine bean name for instance of class org.apache.cxf.bus.managers.CXFBusLifeCycleManager.
11:47:53.829 [main] DEBUG org.apache.cxf.configuration.spring.ConfigurerImpl - Could not determine bean name for instance of class org.apache.cxf.bus.managers.ServerRegistryImpl.
11:47:53.830 [main] DEBUG org.apache.cxf.configuration.spring.ConfigurerImpl - Could not determine bean name for instance of class org.apache.cxf.binding.xml.XMLBindingFactory.
11:47:53.830 [main] DEBUG org.apache.cxf.configuration.spring.ConfigurerImpl - Could not determine bean name for instance of class org.apache.cxf.service.factory.FactoryBeanListenerManager.
11:47:53.830 [main] DEBUG org.apache.cxf.configuration.spring.ConfigurerImpl - Could not determine bean name for instance of class org.apache.cxf.transport.http.HTTPTransportFactory.
11:47:53.831 [main] ERROR org.apache.cxf.transport.http.HTTPTransportFactory - Cannot find any registered HttpDestinationFactory from the Bus.
11:47:53.831 [main] INFO com.zaxxer.hikari.pool.HikariPool - dbIntegraPool - Close initiated...
11:47:53.831 [main] DEBUG com.zaxxer.hikari.pool.HikariPool - dbIntegraPool - Before closing stats (total=0, active=0, idle=0, waiting=0)
11:47:53.870 [dbAkadPool housekeeper] DEBUG com.zaxxer.hikari.pool.HikariPool - dbAkadPool - Pool stats (total=0, active=0, idle=0, waiting=0)
11:47:53.879 [main] DEBUG com.zaxxer.hikari.pool.HikariPool - dbIntegraPool - After closing stats (total=0, active=0, idle=0, waiting=0)
11:47:53.880 [main] INFO com.zaxxer.hikari.pool.HikariPool - dbIntegraPool - Closed.
11:47:53.880 [main] INFO com.zaxxer.hikari.pool.HikariPool - dbIntegraPool - Close initiated...
11:47:53.881 [main] DEBUG com.zaxxer.hikari.pool.HikariPool - dbIntegraPool - Before closing stats (total=0, active=0, idle=0, waiting=0)
11:47:53.883 [main] DEBUG com.zaxxer.hikari.pool.HikariPool - dbIntegraPool - After closing stats (total=0, active=0, idle=0, waiting=0)
11:47:53.883 [main] INFO com.zaxxer.hikari.pool.HikariPool - dbIntegraPool - Closed.
11:47:53.883 [main] INFO com.zaxxer.hikari.pool.HikariPool - dbAkadPool - Close initiated...
11:47:53.883 [main] DEBUG com.zaxxer.hikari.pool.HikariPool - dbAkadPool - Before closing stats (total=0, active=0, idle=0, waiting=0)
11:47:53.898 [dbAkadPool connection adder] DEBUG com.zaxxer.hikari.pool.HikariPool - dbAkadPool - Added connection ConnectionID:66 ClientConnectionId: da662d16-8880-4d5e-bb5d-1e13569c2e7c
11:47:53.899 [dbAkadPool connection adder] DEBUG com.zaxxer.hikari.pool.HikariPool - dbAkadPool - After adding stats (total=1, active=0, idle=1, waiting=0)
11:47:53.900 [dbAkadPool connection closer] DEBUG com.zaxxer.hikari.pool.PoolBase - dbAkadPool - Closing connection ConnectionID:66 ClientConnectionId: da662d16-8880-4d5e-bb5d-1e13569c2e7c: (connection evicted)
11:47:53.901 [main] DEBUG com.zaxxer.hikari.pool.HikariPool - dbAkadPool - After closing stats (total=0, active=0, idle=0, waiting=0)
11:47:53.901 [main] INFO com.zaxxer.hikari.pool.HikariPool - dbAkadPool - Closed.
</system-out>
    <system-err>Jul 02, 2019 11:47:53 AM org.springframework.beans.factory.xml.XmlBeanDefinitionReader loadBeanDefinitions
INFO: Loading XML bean definitions from class path resource [test-context.xml]
Jul 02, 2019 11:47:53 AM org.springframework.beans.factory.xml.XmlBeanDefinitionReader loadBeanDefinitions
INFO: Loading XML bean definitions from class path resource [akademik-endpoint-beans.xml]
Jul 02, 2019 11:47:53 AM org.springframework.beans.factory.xml.XmlBeanDefinitionReader loadBeanDefinitions
INFO: Loading XML bean definitions from class path resource [akademik-data-beans.xml]
Jul 02, 2019 11:47:53 AM org.springframework.beans.factory.xml.XmlBeanDefinitionReader loadBeanDefinitions
INFO: Loading XML bean definitions from class path resource [akademik-db-config.xml]
Jul 02, 2019 11:47:53 AM org.springframework.beans.factory.xml.XmlBeanDefinitionReader loadBeanDefinitions
INFO: Loading XML bean definitions from class path resource [akademik-redis-config.xml]
Jul 02, 2019 11:47:53 AM org.springframework.beans.factory.xml.XmlBeanDefinitionReader loadBeanDefinitions
INFO: Loading XML bean definitions from class path resource [akademik-redis-data.xml]
Jul 02, 2019 11:47:53 AM org.springframework.beans.factory.xml.XmlBeanDefinitionReader loadBeanDefinitions
INFO: Loading XML bean definitions from class path resource [akademik-redis-config.xml]
Jul 02, 2019 11:47:53 AM org.springframework.beans.factory.support.DefaultListableBeanFactory registerBeanDefinition
INFO: Overriding bean definition for bean &apos;jedisConnectionFactory&apos;: replacing [Generic bean: class [org.springframework.data.redis.connection.jedis.JedisConnectionFactory]; scope=; abstract=false; lazyInit=false; autowireMode=0; dependencyCheck=0; autowireCandidate=true; primary=false; factoryBeanName=null; factoryMethodName=null; initMethodName=null; destroyMethodName=null; defined in class path resource [akademik-redis-config.xml]] with [Generic bean: class [org.springframework.data.redis.connection.jedis.JedisConnectionFactory]; scope=; abstract=false; lazyInit=false; autowireMode=0; dependencyCheck=0; autowireCandidate=true; primary=false; factoryBeanName=null; factoryMethodName=null; initMethodName=null; destroyMethodName=null; defined in class path resource [akademik-redis-config.xml]]
Jul 02, 2019 11:47:53 AM org.springframework.beans.factory.support.DefaultListableBeanFactory registerBeanDefinition
INFO: Overriding bean definition for bean &apos;sentinelConfig&apos;: replacing [Generic bean: class [org.springframework.data.redis.connection.RedisSentinelConfiguration]; scope=; abstract=false; lazyInit=false; autowireMode=0; dependencyCheck=0; autowireCandidate=true; primary=false; factoryBeanName=null; factoryMethodName=null; initMethodName=null; destroyMethodName=null; defined in class path resource [akademik-redis-config.xml]] with [Generic bean: class [org.springframework.data.redis.connection.RedisSentinelConfiguration]; scope=; abstract=false; lazyInit=false; autowireMode=0; dependencyCheck=0; autowireCandidate=true; primary=false; factoryBeanName=null; factoryMethodName=null; initMethodName=null; destroyMethodName=null; defined in class path resource [akademik-redis-config.xml]]
Jul 02, 2019 11:47:53 AM org.springframework.beans.factory.support.DefaultListableBeanFactory registerBeanDefinition
INFO: Overriding bean definition for bean &apos;sentinels&apos;: replacing [Generic bean: class [org.springframework.beans.factory.config.SetFactoryBean]; scope=; abstract=false; lazyInit=false; autowireMode=0; dependencyCheck=0; autowireCandidate=true; primary=false; factoryBeanName=null; factoryMethodName=null; initMethodName=null; destroyMethodName=null] with [Generic bean: class [org.springframework.beans.factory.config.SetFactoryBean]; scope=; abstract=false; lazyInit=false; autowireMode=0; dependencyCheck=0; autowireCandidate=true; primary=false; factoryBeanName=null; factoryMethodName=null; initMethodName=null; destroyMethodName=null]
Jul 02, 2019 11:47:53 AM org.springframework.beans.factory.support.DefaultListableBeanFactory registerBeanDefinition
INFO: Overriding bean definition for bean &apos;sentinel1&apos;: replacing [Generic bean: class [org.springframework.data.redis.connection.RedisNode]; scope=; abstract=false; lazyInit=false; autowireMode=0; dependencyCheck=0; autowireCandidate=true; primary=false; factoryBeanName=null; factoryMethodName=null; initMethodName=null; destroyMethodName=null; defined in class path resource [akademik-redis-config.xml]] with [Generic bean: class [org.springframework.data.redis.connection.RedisNode]; scope=; abstract=false; lazyInit=false; autowireMode=0; dependencyCheck=0; autowireCandidate=true; primary=false; factoryBeanName=null; factoryMethodName=null; initMethodName=null; destroyMethodName=null; defined in class path resource [akademik-redis-config.xml]]
Jul 02, 2019 11:47:53 AM org.springframework.beans.factory.support.DefaultListableBeanFactory registerBeanDefinition
INFO: Overriding bean definition for bean &apos;sentinel2&apos;: replacing [Generic bean: class [org.springframework.data.redis.connection.RedisNode]; scope=; abstract=false; lazyInit=false; autowireMode=0; dependencyCheck=0; autowireCandidate=true; primary=false; factoryBeanName=null; factoryMethodName=null; initMethodName=null; destroyMethodName=null; defined in class path resource [akademik-redis-config.xml]] with [Generic bean: class [org.springframework.data.redis.connection.RedisNode]; scope=; abstract=false; lazyInit=false; autowireMode=0; dependencyCheck=0; autowireCandidate=true; primary=false; factoryBeanName=null; factoryMethodName=null; initMethodName=null; destroyMethodName=null; defined in class path resource [akademik-redis-config.xml]]
Jul 02, 2019 11:47:53 AM org.springframework.beans.factory.support.DefaultListableBeanFactory registerBeanDefinition
INFO: Overriding bean definition for bean &apos;stringRedisSerializer&apos;: replacing [Generic bean: class [org.springframework.data.redis.serializer.StringRedisSerializer]; scope=; abstract=false; lazyInit=false; autowireMode=0; dependencyCheck=0; autowireCandidate=true; primary=false; factoryBeanName=null; factoryMethodName=null; initMethodName=null; destroyMethodName=null; defined in class path resource [akademik-redis-config.xml]] with [Generic bean: class [org.springframework.data.redis.serializer.StringRedisSerializer]; scope=; abstract=false; lazyInit=false; autowireMode=0; dependencyCheck=0; autowireCandidate=true; primary=false; factoryBeanName=null; factoryMethodName=null; initMethodName=null; destroyMethodName=null; defined in class path resource [akademik-redis-config.xml]]
Jul 02, 2019 11:47:53 AM org.springframework.beans.factory.support.DefaultListableBeanFactory registerBeanDefinition
INFO: Overriding bean definition for bean &apos;jsonRedisSerializer&apos;: replacing [Generic bean: class [org.springframework.data.redis.serializer.GenericJackson2JsonRedisSerializer]; scope=; abstract=false; lazyInit=false; autowireMode=0; dependencyCheck=0; autowireCandidate=true; primary=false; factoryBeanName=null; factoryMethodName=null; initMethodName=null; destroyMethodName=null; defined in class path resource [akademik-redis-config.xml]] with [Generic bean: class [org.springframework.data.redis.serializer.GenericJackson2JsonRedisSerializer]; scope=; abstract=false; lazyInit=false; autowireMode=0; dependencyCheck=0; autowireCandidate=true; primary=false; factoryBeanName=null; factoryMethodName=null; initMethodName=null; destroyMethodName=null; defined in class path resource [akademik-redis-config.xml]]
Jul 02, 2019 11:47:53 AM org.springframework.beans.factory.support.DefaultListableBeanFactory registerBeanDefinition
INFO: Overriding bean definition for bean &apos;redisTemplate&apos;: replacing [Generic bean: class [org.springframework.data.redis.core.RedisTemplate]; scope=; abstract=false; lazyInit=false; autowireMode=0; dependencyCheck=0; autowireCandidate=true; primary=false; factoryBeanName=null; factoryMethodName=null; initMethodName=null; destroyMethodName=null; defined in class path resource [akademik-redis-config.xml]] with [Generic bean: class [org.springframework.data.redis.core.RedisTemplate]; scope=; abstract=false; lazyInit=false; autowireMode=0; dependencyCheck=0; autowireCandidate=true; primary=false; factoryBeanName=null; factoryMethodName=null; initMethodName=null; destroyMethodName=null; defined in class path resource [akademik-redis-config.xml]]
Jul 02, 2019 11:47:53 AM org.springframework.beans.factory.xml.XmlBeanDefinitionReader loadBeanDefinitions
INFO: Loading XML bean definitions from class path resource [integra-filter-beans.xml]
Jul 02, 2019 11:47:53 AM org.springframework.beans.factory.xml.XmlBeanDefinitionReader loadBeanDefinitions
INFO: Loading XML bean definitions from class path resource [integra-service-beans.xml]
Jul 02, 2019 11:47:53 AM org.springframework.beans.factory.xml.XmlBeanDefinitionReader loadBeanDefinitions
INFO: Loading XML bean definitions from class path resource [integra-data-beans.xml]
Jul 02, 2019 11:47:53 AM org.springframework.beans.factory.xml.XmlBeanDefinitionReader loadBeanDefinitions
INFO: Loading XML bean definitions from class path resource [integra-db-config.xml]
Jul 02, 2019 11:47:53 AM org.springframework.context.support.AbstractApplicationContext prepareRefresh
INFO: Refreshing org.springframework.context.support.GenericApplicationContext@5e4fa1da: startup date [Tue Jul 02 11:47:53 ICT 2019]; root of context hierarchy
Jul 02, 2019 11:47:53 AM org.springframework.test.context.TestContextManager prepareTestInstance
SEVERE: Caught exception while allowing TestExecutionListener [org.springframework.test.context.support.DependencyInjectionTestExecutionListener@776802b0] to prepare test instance [id.its.akademik.rest.test.WaliRestEndpointTest@64c4c01]
java.lang.IllegalStateException: Failed to load ApplicationContext
	at org.springframework.test.context.CacheAwareContextLoaderDelegate.loadContext(CacheAwareContextLoaderDelegate.java:99)
	at org.springframework.test.context.DefaultTestContext.getApplicationContext(DefaultTestContext.java:101)
	at org.springframework.test.context.support.DependencyInjectionTestExecutionListener.injectDependencies(DependencyInjectionTestExecutionListener.java:109)
	at org.springframework.test.context.support.DependencyInjectionTestExecutionListener.prepareTestInstance(DependencyInjectionTestExecutionListener.java:75)
	at org.springframework.test.context.TestContextManager.prepareTestInstance(TestContextManager.java:326)
	at org.springframework.test.context.junit4.SpringJUnit4ClassRunner.createTest(SpringJUnit4ClassRunner.java:212)
	at org.springframework.test.context.junit4.SpringJUnit4ClassRunner$1.runReflectiveCall(SpringJUnit4ClassRunner.java:289)
	at org.junit.internal.runners.model.ReflectiveCallable.run(ReflectiveCallable.java:12)
	at org.springframework.test.context.junit4.SpringJUnit4ClassRunner.methodBlock(SpringJUnit4ClassRunner.java:291)
	at org.springframework.test.context.junit4.SpringJUnit4ClassRunner.runChild(SpringJUnit4ClassRunner.java:232)
	at org.springframework.test.context.junit4.SpringJUnit4ClassRunner.runChild(SpringJUnit4ClassRunner.java:89)
	at org.junit.runners.ParentRunner$3.run(ParentRunner.java:290)
	at org.junit.runners.ParentRunner$1.schedule(ParentRunner.java:71)
	at org.junit.runners.ParentRunner.runChildren(ParentRunner.java:288)
	at org.junit.runners.ParentRunner.access$000(ParentRunner.java:58)
	at org.junit.runners.ParentRunner$2.evaluate(ParentRunner.java:268)
	at org.springframework.test.context.junit4.statements.RunBeforeTestClassCallbacks.evaluate(RunBeforeTestClassCallbacks.java:61)
	at org.springframework.test.context.junit4.statements.RunAfterTestClassCallbacks.evaluate(RunAfterTestClassCallbacks.java:71)
	at org.junit.runners.ParentRunner.run(ParentRunner.java:363)
	at org.springframework.test.context.junit4.SpringJUnit4ClassRunner.run(SpringJUnit4ClassRunner.java:175)
	at org.apache.maven.surefire.junit4.JUnit4Provider.execute(JUnit4Provider.java:252)
	at org.apache.maven.surefire.junit4.JUnit4Provider.executeTestSet(JUnit4Provider.java:141)
	at org.apache.maven.surefire.junit4.JUnit4Provider.invoke(JUnit4Provider.java:112)
	at sun.reflect.NativeMethodAccessorImpl.invoke0(Native Method)
	at sun.reflect.NativeMethodAccessorImpl.invoke(NativeMethodAccessorImpl.java:62)
	at sun.reflect.DelegatingMethodAccessorImpl.invoke(DelegatingMethodAccessorImpl.java:43)
	at java.lang.reflect.Method.invoke(Method.java:498)
	at org.apache.maven.surefire.util.ReflectionUtils.invokeMethodWithArray(ReflectionUtils.java:189)
	at org.apache.maven.surefire.booter.ProviderFactory$ProviderProxy.invoke(ProviderFactory.java:165)
	at org.apache.maven.surefire.booter.ProviderFactory.invokeProvider(ProviderFactory.java:85)
	at org.apache.maven.surefire.booter.ForkedBooter.runSuitesInProcess(ForkedBooter.java:115)
	at org.apache.maven.surefire.booter.ForkedBooter.main(ForkedBooter.java:75)
Caused by: org.springframework.beans.factory.BeanCreationException: Error creating bean with name &apos;testCxfServer&apos;: Invocation of init method failed; nested exception is org.apache.cxf.service.factory.ServiceConstructionException
	at org.springframework.beans.factory.support.AbstractAutowireCapableBeanFactory.initializeBean(AbstractAutowireCapableBeanFactory.java:1553)
	at org.springframework.beans.factory.support.AbstractAutowireCapableBeanFactory.doCreateBean(AbstractAutowireCapableBeanFactory.java:539)
	at org.springframework.beans.factory.support.AbstractAutowireCapableBeanFactory.createBean(AbstractAutowireCapableBeanFactory.java:475)
	at org.springframework.beans.factory.support.AbstractBeanFactory$1.getObject(AbstractBeanFactory.java:304)
	at org.springframework.beans.factory.support.DefaultSingletonBeanRegistry.getSingleton(DefaultSingletonBeanRegistry.java:228)
	at org.springframework.beans.factory.support.AbstractBeanFactory.doGetBean(AbstractBeanFactory.java:300)
	at org.springframework.beans.factory.support.AbstractBeanFactory.getBean(AbstractBeanFactory.java:195)
	at org.springframework.beans.factory.support.DefaultListableBeanFactory.preInstantiateSingletons(DefaultListableBeanFactory.java:700)
	at org.springframework.context.support.AbstractApplicationContext.finishBeanFactoryInitialization(AbstractApplicationContext.java:760)
	at org.springframework.context.support.AbstractApplicationContext.refresh(AbstractApplicationContext.java:482)
	at org.springframework.test.context.support.AbstractGenericContextLoader.loadContext(AbstractGenericContextLoader.java:121)
	at org.springframework.test.context.support.AbstractGenericContextLoader.loadContext(AbstractGenericContextLoader.java:60)
	at org.springframework.test.context.support.AbstractDelegatingSmartContextLoader.delegateLoading(AbstractDelegatingSmartContextLoader.java:100)
	at org.springframework.test.context.support.AbstractDelegatingSmartContextLoader.loadContext(AbstractDelegatingSmartContextLoader.java:250)
	at org.springframework.test.context.CacheAwareContextLoaderDelegate.loadContextInternal(CacheAwareContextLoaderDelegate.java:64)
	at org.springframework.test.context.CacheAwareContextLoaderDelegate.loadContext(CacheAwareContextLoaderDelegate.java:91)
	... 31 more
Caused by: org.apache.cxf.service.factory.ServiceConstructionException
	at org.apache.cxf.jaxrs.JAXRSServerFactoryBean.create(JAXRSServerFactoryBean.java:213)
	at sun.reflect.NativeMethodAccessorImpl.invoke0(Native Method)
	at sun.reflect.NativeMethodAccessorImpl.invoke(NativeMethodAccessorImpl.java:62)
	at sun.reflect.DelegatingMethodAccessorImpl.invoke(DelegatingMethodAccessorImpl.java:43)
	at java.lang.reflect.Method.invoke(Method.java:498)
	at org.springframework.beans.factory.support.AbstractAutowireCapableBeanFactory.invokeCustomInitMethod(AbstractAutowireCapableBeanFactory.java:1681)
	at org.springframework.beans.factory.support.AbstractAutowireCapableBeanFactory.invokeInitMethods(AbstractAutowireCapableBeanFactory.java:1620)
	at org.springframework.beans.factory.support.AbstractAutowireCapableBeanFactory.initializeBean(AbstractAutowireCapableBeanFactory.java:1549)
	... 46 more
Caused by: java.io.IOException: Cannot find any registered HttpDestinationFactory from the Bus.
	at org.apache.cxf.transport.http.HTTPTransportFactory.getDestination(HTTPTransportFactory.java:296)
	at org.apache.cxf.endpoint.ServerImpl.initDestination(ServerImpl.java:83)
	at org.apache.cxf.endpoint.ServerImpl.&lt;init&gt;(ServerImpl.java:62)
	at org.apache.cxf.jaxrs.JAXRSServerFactoryBean.create(JAXRSServerFactoryBean.java:165)
	... 53 more

</system-err>
  </testcase>
  <testcase classname="id.its.akademik.rest.test.WaliRestEndpointTest" name="canGetMahasiswaByNRP" time="0.301">
    <error message="Failed to load ApplicationContext" type="java.lang.IllegalStateException">java.lang.IllegalStateException: Failed to load ApplicationContext
	at org.springframework.test.context.CacheAwareContextLoaderDelegate.loadContext(CacheAwareContextLoaderDelegate.java:99)
	at org.springframework.test.context.DefaultTestContext.getApplicationContext(DefaultTestContext.java:101)
	at org.springframework.test.context.support.DependencyInjectionTestExecutionListener.injectDependencies(DependencyInjectionTestExecutionListener.java:109)
	at org.springframework.test.context.support.DependencyInjectionTestExecutionListener.prepareTestInstance(DependencyInjectionTestExecutionListener.java:75)
	at org.springframework.test.context.TestContextManager.prepareTestInstance(TestContextManager.java:326)
	at org.springframework.test.context.junit4.SpringJUnit4ClassRunner.createTest(SpringJUnit4ClassRunner.java:212)
	at org.springframework.test.context.junit4.SpringJUnit4ClassRunner$1.runReflectiveCall(SpringJUnit4ClassRunner.java:289)
	at org.junit.internal.runners.model.ReflectiveCallable.run(ReflectiveCallable.java:12)
	at org.springframework.test.context.junit4.SpringJUnit4ClassRunner.methodBlock(SpringJUnit4ClassRunner.java:291)
	at org.springframework.test.context.junit4.SpringJUnit4ClassRunner.runChild(SpringJUnit4ClassRunner.java:232)
	at org.springframework.test.context.junit4.SpringJUnit4ClassRunner.runChild(SpringJUnit4ClassRunner.java:89)
	at org.junit.runners.ParentRunner$3.run(ParentRunner.java:290)
	at org.junit.runners.ParentRunner$1.schedule(ParentRunner.java:71)
	at org.junit.runners.ParentRunner.runChildren(ParentRunner.java:288)
	at org.junit.runners.ParentRunner.access$000(ParentRunner.java:58)
	at org.junit.runners.ParentRunner$2.evaluate(ParentRunner.java:268)
	at org.springframework.test.context.junit4.statements.RunBeforeTestClassCallbacks.evaluate(RunBeforeTestClassCallbacks.java:61)
	at org.springframework.test.context.junit4.statements.RunAfterTestClassCallbacks.evaluate(RunAfterTestClassCallbacks.java:71)
	at org.junit.runners.ParentRunner.run(ParentRunner.java:363)
	at org.springframework.test.context.junit4.SpringJUnit4ClassRunner.run(SpringJUnit4ClassRunner.java:175)
	at org.apache.maven.surefire.junit4.JUnit4Provider.execute(JUnit4Provider.java:252)
	at org.apache.maven.surefire.junit4.JUnit4Provider.executeTestSet(JUnit4Provider.java:141)
	at org.apache.maven.surefire.junit4.JUnit4Provider.invoke(JUnit4Provider.java:112)
	at sun.reflect.NativeMethodAccessorImpl.invoke0(Native Method)
	at sun.reflect.NativeMethodAccessorImpl.invoke(NativeMethodAccessorImpl.java:62)
	at sun.reflect.DelegatingMethodAccessorImpl.invoke(DelegatingMethodAccessorImpl.java:43)
	at java.lang.reflect.Method.invoke(Method.java:498)
	at org.apache.maven.surefire.util.ReflectionUtils.invokeMethodWithArray(ReflectionUtils.java:189)
	at org.apache.maven.surefire.booter.ProviderFactory$ProviderProxy.invoke(ProviderFactory.java:165)
	at org.apache.maven.surefire.booter.ProviderFactory.invokeProvider(ProviderFactory.java:85)
	at org.apache.maven.surefire.booter.ForkedBooter.runSuitesInProcess(ForkedBooter.java:115)
	at org.apache.maven.surefire.booter.ForkedBooter.main(ForkedBooter.java:75)
Caused by: org.springframework.beans.factory.BeanCreationException: Error creating bean with name &apos;testCxfServer&apos;: Invocation of init method failed; nested exception is org.apache.cxf.service.factory.ServiceConstructionException
	at org.springframework.beans.factory.support.AbstractAutowireCapableBeanFactory.initializeBean(AbstractAutowireCapableBeanFactory.java:1553)
	at org.springframework.beans.factory.support.AbstractAutowireCapableBeanFactory.doCreateBean(AbstractAutowireCapableBeanFactory.java:539)
	at org.springframework.beans.factory.support.AbstractAutowireCapableBeanFactory.createBean(AbstractAutowireCapableBeanFactory.java:475)
	at org.springframework.beans.factory.support.AbstractBeanFactory$1.getObject(AbstractBeanFactory.java:304)
	at org.springframework.beans.factory.support.DefaultSingletonBeanRegistry.getSingleton(DefaultSingletonBeanRegistry.java:228)
	at org.springframework.beans.factory.support.AbstractBeanFactory.doGetBean(AbstractBeanFactory.java:300)
	at org.springframework.beans.factory.support.AbstractBeanFactory.getBean(AbstractBeanFactory.java:195)
	at org.springframework.beans.factory.support.DefaultListableBeanFactory.preInstantiateSingletons(DefaultListableBeanFactory.java:700)
	at org.springframework.context.support.AbstractApplicationContext.finishBeanFactoryInitialization(AbstractApplicationContext.java:760)
	at org.springframework.context.support.AbstractApplicationContext.refresh(AbstractApplicationContext.java:482)
	at org.springframework.test.context.support.AbstractGenericContextLoader.loadContext(AbstractGenericContextLoader.java:121)
	at org.springframework.test.context.support.AbstractGenericContextLoader.loadContext(AbstractGenericContextLoader.java:60)
	at org.springframework.test.context.support.AbstractDelegatingSmartContextLoader.delegateLoading(AbstractDelegatingSmartContextLoader.java:100)
	at org.springframework.test.context.support.AbstractDelegatingSmartContextLoader.loadContext(AbstractDelegatingSmartContextLoader.java:250)
	at org.springframework.test.context.CacheAwareContextLoaderDelegate.loadContextInternal(CacheAwareContextLoaderDelegate.java:64)
	at org.springframework.test.context.CacheAwareContextLoaderDelegate.loadContext(CacheAwareContextLoaderDelegate.java:91)
	... 31 more
Caused by: org.apache.cxf.service.factory.ServiceConstructionException
	at org.apache.cxf.jaxrs.JAXRSServerFactoryBean.create(JAXRSServerFactoryBean.java:213)
	at sun.reflect.NativeMethodAccessorImpl.invoke0(Native Method)
	at sun.reflect.NativeMethodAccessorImpl.invoke(NativeMethodAccessorImpl.java:62)
	at sun.reflect.DelegatingMethodAccessorImpl.invoke(DelegatingMethodAccessorImpl.java:43)
	at java.lang.reflect.Method.invoke(Method.java:498)
	at org.springframework.beans.factory.support.AbstractAutowireCapableBeanFactory.invokeCustomInitMethod(AbstractAutowireCapableBeanFactory.java:1681)
	at org.springframework.beans.factory.support.AbstractAutowireCapableBeanFactory.invokeInitMethods(AbstractAutowireCapableBeanFactory.java:1620)
	at org.springframework.beans.factory.support.AbstractAutowireCapableBeanFactory.initializeBean(AbstractAutowireCapableBeanFactory.java:1549)
	... 46 more
Caused by: java.io.IOException: Cannot find any registered HttpDestinationFactory from the Bus.
	at org.apache.cxf.transport.http.HTTPTransportFactory.getDestination(HTTPTransportFactory.java:296)
	at org.apache.cxf.endpoint.ServerImpl.initDestination(ServerImpl.java:83)
	at org.apache.cxf.endpoint.ServerImpl.&lt;init&gt;(ServerImpl.java:62)
	at org.apache.cxf.jaxrs.JAXRSServerFactoryBean.create(JAXRSServerFactoryBean.java:165)
	... 53 more
</error>
    <system-out>11:47:54.184 [main] DEBUG org.apache.cxf.configuration.spring.AbstractBeanDefinitionParser - Adding org.apache.cxf.configuration.spring.AbstractBeanDefinitionParser.wireBus attribute PROPERTY to bean org.springframework.beans.factory.support.BeanDefinitionBuilder@35dd9ed3
11:47:54.209 [main] DEBUG com.zaxxer.hikari.HikariConfig - dbAkadPool - configuration:
11:47:54.209 [main] DEBUG com.zaxxer.hikari.HikariConfig - allowPoolSuspension.............false
11:47:54.209 [main] DEBUG com.zaxxer.hikari.HikariConfig - autoCommit......................true
11:47:54.209 [main] DEBUG com.zaxxer.hikari.HikariConfig - catalog.........................null
11:47:54.209 [main] DEBUG com.zaxxer.hikari.HikariConfig - connectionInitSql...............null
11:47:54.209 [main] DEBUG com.zaxxer.hikari.HikariConfig - connectionTestQuery.............&quot;SELECT 1&quot;
11:47:54.209 [main] DEBUG com.zaxxer.hikari.HikariConfig - connectionTimeout...............30000
11:47:54.209 [main] DEBUG com.zaxxer.hikari.HikariConfig - dataSource......................null
11:47:54.210 [main] DEBUG com.zaxxer.hikari.HikariConfig - dataSourceClassName.............&quot;com.microsoft.sqlserver.jdbc.SQLServerDataSource&quot;
11:47:54.210 [main] DEBUG com.zaxxer.hikari.HikariConfig - dataSourceJNDI..................null
11:47:54.210 [main] DEBUG com.zaxxer.hikari.HikariConfig - dataSourceProperties............{user=akademik_api, url=jdbc:sqlserver://10.199.2.23:1433;databaseName=SIAKAD;, password=&lt;masked&gt;}
11:47:54.210 [main] DEBUG com.zaxxer.hikari.HikariConfig - driverClassName.................null
11:47:54.210 [main] DEBUG com.zaxxer.hikari.HikariConfig - healthCheckProperties...........{}
11:47:54.210 [main] DEBUG com.zaxxer.hikari.HikariConfig - healthCheckRegistry.............null
11:47:54.210 [main] DEBUG com.zaxxer.hikari.HikariConfig - idleTimeout.....................10000
11:47:54.210 [main] DEBUG com.zaxxer.hikari.HikariConfig - initializationFailFast..........true
11:47:54.210 [main] DEBUG com.zaxxer.hikari.HikariConfig - isolateInternalQueries..........false
11:47:54.210 [main] DEBUG com.zaxxer.hikari.HikariConfig - jdbc4ConnectionTest.............false
11:47:54.210 [main] DEBUG com.zaxxer.hikari.HikariConfig - jdbcUrl.........................null
11:47:54.210 [main] DEBUG com.zaxxer.hikari.HikariConfig - leakDetectionThreshold..........0
11:47:54.210 [main] DEBUG com.zaxxer.hikari.HikariConfig - maxLifetime.....................1800000
11:47:54.210 [main] DEBUG com.zaxxer.hikari.HikariConfig - maximumPoolSize.................10
11:47:54.210 [main] DEBUG com.zaxxer.hikari.HikariConfig - metricRegistry..................null
11:47:54.210 [main] DEBUG com.zaxxer.hikari.HikariConfig - metricsTrackerFactory...........null
11:47:54.210 [main] DEBUG com.zaxxer.hikari.HikariConfig - minimumIdle.....................10
11:47:54.210 [main] DEBUG com.zaxxer.hikari.HikariConfig - password........................&lt;masked&gt;
11:47:54.210 [main] DEBUG com.zaxxer.hikari.HikariConfig - poolName........................&quot;dbAkadPool&quot;
11:47:54.210 [main] DEBUG com.zaxxer.hikari.HikariConfig - readOnly........................false
11:47:54.210 [main] DEBUG com.zaxxer.hikari.HikariConfig - registerMbeans..................false
11:47:54.210 [main] DEBUG com.zaxxer.hikari.HikariConfig - scheduledExecutorService........null
11:47:54.210 [main] DEBUG com.zaxxer.hikari.HikariConfig - threadFactory...................null
11:47:54.210 [main] DEBUG com.zaxxer.hikari.HikariConfig - transactionIsolation............null
11:47:54.210 [main] DEBUG com.zaxxer.hikari.HikariConfig - username........................null
11:47:54.210 [main] DEBUG com.zaxxer.hikari.HikariConfig - validationTimeout...............5000
11:47:54.210 [main] INFO com.zaxxer.hikari.HikariDataSource - dbAkadPool - Started.
11:47:54.264 [main] DEBUG com.zaxxer.hikari.HikariConfig - dbIntegraPool - configuration:
11:47:54.265 [main] DEBUG com.zaxxer.hikari.HikariConfig - allowPoolSuspension.............false
11:47:54.265 [main] DEBUG com.zaxxer.hikari.HikariConfig - autoCommit......................true
11:47:54.265 [main] DEBUG com.zaxxer.hikari.HikariConfig - catalog.........................null
11:47:54.266 [main] DEBUG com.zaxxer.hikari.HikariConfig - connectionInitSql...............null
11:47:54.266 [main] DEBUG com.zaxxer.hikari.HikariConfig - connectionTestQuery.............&quot;SELECT 1&quot;
11:47:54.266 [main] DEBUG com.zaxxer.hikari.HikariConfig - connectionTimeout...............30000
11:47:54.266 [main] DEBUG com.zaxxer.hikari.HikariConfig - dataSource......................null
11:47:54.266 [main] DEBUG com.zaxxer.hikari.HikariConfig - dataSourceClassName.............&quot;com.microsoft.sqlserver.jdbc.SQLServerDataSource&quot;
11:47:54.266 [main] DEBUG com.zaxxer.hikari.HikariConfig - dataSourceJNDI..................null
11:47:54.266 [main] DEBUG com.zaxxer.hikari.HikariConfig - dataSourceProperties............{user=readonly, url=jdbc:sqlserver://oltp.its.ac.id:1433;databaseName=ITSGATE;, password=&lt;masked&gt;}
11:47:54.266 [main] DEBUG com.zaxxer.hikari.HikariConfig - driverClassName.................null
11:47:54.266 [main] DEBUG com.zaxxer.hikari.HikariConfig - healthCheckProperties...........{}
11:47:54.266 [main] DEBUG com.zaxxer.hikari.HikariConfig - healthCheckRegistry.............null
11:47:54.267 [main] DEBUG com.zaxxer.hikari.HikariConfig - idleTimeout.....................10000
11:47:54.267 [main] DEBUG com.zaxxer.hikari.HikariConfig - initializationFailFast..........true
11:47:54.267 [main] DEBUG com.zaxxer.hikari.HikariConfig - isolateInternalQueries..........false
11:47:54.267 [main] DEBUG com.zaxxer.hikari.HikariConfig - jdbc4ConnectionTest.............false
11:47:54.267 [main] DEBUG com.zaxxer.hikari.HikariConfig - jdbcUrl.........................null
11:47:54.268 [main] DEBUG com.zaxxer.hikari.HikariConfig - leakDetectionThreshold..........0
11:47:54.268 [main] DEBUG com.zaxxer.hikari.HikariConfig - maxLifetime.....................1800000
11:47:54.268 [main] DEBUG com.zaxxer.hikari.HikariConfig - maximumPoolSize.................10
11:47:54.268 [main] DEBUG com.zaxxer.hikari.HikariConfig - metricRegistry..................null
11:47:54.268 [main] DEBUG com.zaxxer.hikari.HikariConfig - metricsTrackerFactory...........null
11:47:54.269 [main] DEBUG com.zaxxer.hikari.HikariConfig - minimumIdle.....................10
11:47:54.269 [main] DEBUG com.zaxxer.hikari.HikariConfig - password........................&lt;masked&gt;
11:47:54.269 [main] DEBUG com.zaxxer.hikari.HikariConfig - poolName........................&quot;dbIntegraPool&quot;
11:47:54.269 [main] DEBUG com.zaxxer.hikari.HikariConfig - readOnly........................false
11:47:54.269 [main] DEBUG com.zaxxer.hikari.HikariConfig - registerMbeans..................false
11:47:54.269 [main] DEBUG com.zaxxer.hikari.HikariConfig - scheduledExecutorService........null
11:47:54.269 [main] DEBUG com.zaxxer.hikari.HikariConfig - threadFactory...................null
11:47:54.270 [main] DEBUG com.zaxxer.hikari.HikariConfig - transactionIsolation............null
11:47:54.270 [main] DEBUG com.zaxxer.hikari.HikariConfig - username........................null
11:47:54.270 [main] DEBUG com.zaxxer.hikari.HikariConfig - validationTimeout...............5000
11:47:54.270 [main] INFO com.zaxxer.hikari.HikariDataSource - dbIntegraPool - Started.
11:47:54.293 [main] DEBUG com.zaxxer.hikari.HikariConfig - dbIntegraPool - configuration:
11:47:54.294 [main] DEBUG com.zaxxer.hikari.HikariConfig - allowPoolSuspension.............false
11:47:54.294 [main] DEBUG com.zaxxer.hikari.HikariConfig - autoCommit......................true
11:47:54.294 [main] DEBUG com.zaxxer.hikari.HikariConfig - catalog.........................null
11:47:54.294 [main] DEBUG com.zaxxer.hikari.HikariConfig - connectionInitSql...............null
11:47:54.294 [main] DEBUG com.zaxxer.hikari.HikariConfig - connectionTestQuery.............&quot;SELECT 1&quot;
11:47:54.294 [main] DEBUG com.zaxxer.hikari.HikariConfig - connectionTimeout...............30000
11:47:54.294 [main] DEBUG com.zaxxer.hikari.HikariConfig - dataSource......................null
11:47:54.294 [main] DEBUG com.zaxxer.hikari.HikariConfig - dataSourceClassName.............&quot;com.microsoft.sqlserver.jdbc.SQLServerDataSource&quot;
11:47:54.294 [main] DEBUG com.zaxxer.hikari.HikariConfig - dataSourceJNDI..................null
11:47:54.294 [main] DEBUG com.zaxxer.hikari.HikariConfig - dataSourceProperties............{user=readonly, url=jdbc:sqlserver://oltp.its.ac.id:1433;databaseName=ITSOIDC;, password=&lt;masked&gt;}
11:47:54.294 [main] DEBUG com.zaxxer.hikari.HikariConfig - driverClassName.................null
11:47:54.294 [main] DEBUG com.zaxxer.hikari.HikariConfig - healthCheckProperties...........{}
11:47:54.294 [main] DEBUG com.zaxxer.hikari.HikariConfig - healthCheckRegistry.............null
11:47:54.294 [main] DEBUG com.zaxxer.hikari.HikariConfig - idleTimeout.....................10000
11:47:54.294 [main] DEBUG com.zaxxer.hikari.HikariConfig - initializationFailFast..........true
11:47:54.294 [main] DEBUG com.zaxxer.hikari.HikariConfig - isolateInternalQueries..........false
11:47:54.294 [main] DEBUG com.zaxxer.hikari.HikariConfig - jdbc4ConnectionTest.............false
11:47:54.294 [main] DEBUG com.zaxxer.hikari.HikariConfig - jdbcUrl.........................null
11:47:54.294 [main] DEBUG com.zaxxer.hikari.HikariConfig - leakDetectionThreshold..........0
11:47:54.294 [main] DEBUG com.zaxxer.hikari.HikariConfig - maxLifetime.....................1800000
11:47:54.294 [main] DEBUG com.zaxxer.hikari.HikariConfig - maximumPoolSize.................10
11:47:54.294 [main] DEBUG com.zaxxer.hikari.HikariConfig - metricRegistry..................null
11:47:54.294 [main] DEBUG com.zaxxer.hikari.HikariConfig - metricsTrackerFactory...........null
11:47:54.294 [main] DEBUG com.zaxxer.hikari.HikariConfig - minimumIdle.....................10
11:47:54.294 [main] DEBUG com.zaxxer.hikari.HikariConfig - password........................&lt;masked&gt;
11:47:54.294 [main] DEBUG com.zaxxer.hikari.HikariConfig - poolName........................&quot;dbIntegraPool&quot;
11:47:54.294 [main] DEBUG com.zaxxer.hikari.HikariConfig - readOnly........................false
11:47:54.294 [main] DEBUG com.zaxxer.hikari.HikariConfig - registerMbeans..................false
11:47:54.294 [main] DEBUG com.zaxxer.hikari.HikariConfig - scheduledExecutorService........null
11:47:54.294 [main] DEBUG com.zaxxer.hikari.HikariConfig - threadFactory...................null
11:47:54.294 [main] DEBUG com.zaxxer.hikari.HikariConfig - transactionIsolation............null
11:47:54.294 [main] DEBUG com.zaxxer.hikari.HikariConfig - username........................null
11:47:54.294 [main] DEBUG com.zaxxer.hikari.HikariConfig - validationTimeout...............5000
11:47:54.294 [main] INFO com.zaxxer.hikari.HikariDataSource - dbIntegraPool - Started.
11:47:54.328 [main] DEBUG org.apache.cxf.configuration.spring.ConfigurerImpl - Could not determine bean name for instance of class org.apache.cxf.bus.managers.CXFBusLifeCycleManager.
11:47:54.329 [main] DEBUG org.apache.cxf.configuration.spring.ConfigurerImpl - Could not determine bean name for instance of class org.apache.cxf.bus.managers.ServerRegistryImpl.
11:47:54.330 [main] DEBUG org.apache.cxf.configuration.spring.ConfigurerImpl - Could not determine bean name for instance of class org.apache.cxf.binding.xml.XMLBindingFactory.
11:47:54.331 [main] DEBUG org.apache.cxf.configuration.spring.ConfigurerImpl - Could not determine bean name for instance of class org.apache.cxf.service.factory.FactoryBeanListenerManager.
11:47:54.332 [main] DEBUG org.apache.cxf.configuration.spring.ConfigurerImpl - Could not determine bean name for instance of class org.apache.cxf.transport.http.HTTPTransportFactory.
11:47:54.333 [main] ERROR org.apache.cxf.transport.http.HTTPTransportFactory - Cannot find any registered HttpDestinationFactory from the Bus.
11:47:54.333 [main] INFO com.zaxxer.hikari.pool.HikariPool - dbIntegraPool - Close initiated...
11:47:54.333 [main] DEBUG com.zaxxer.hikari.pool.HikariPool - dbIntegraPool - Before closing stats (total=0, active=0, idle=0, waiting=0)
11:47:54.335 [main] DEBUG com.zaxxer.hikari.pool.HikariPool - dbIntegraPool - After closing stats (total=0, active=0, idle=0, waiting=0)
11:47:54.335 [main] INFO com.zaxxer.hikari.pool.HikariPool - dbIntegraPool - Closed.
11:47:54.335 [main] INFO com.zaxxer.hikari.pool.HikariPool - dbIntegraPool - Close initiated...
11:47:54.335 [main] DEBUG com.zaxxer.hikari.pool.HikariPool - dbIntegraPool - Before closing stats (total=0, active=0, idle=0, waiting=0)
11:47:54.336 [main] DEBUG com.zaxxer.hikari.pool.HikariPool - dbIntegraPool - After closing stats (total=0, active=0, idle=0, waiting=0)
11:47:54.337 [main] INFO com.zaxxer.hikari.pool.HikariPool - dbIntegraPool - Closed.
11:47:54.337 [main] INFO com.zaxxer.hikari.pool.HikariPool - dbAkadPool - Close initiated...
11:47:54.337 [main] DEBUG com.zaxxer.hikari.pool.HikariPool - dbAkadPool - Before closing stats (total=0, active=0, idle=0, waiting=0)
11:47:54.338 [main] DEBUG com.zaxxer.hikari.pool.HikariPool - dbAkadPool - After closing stats (total=0, active=0, idle=0, waiting=0)
11:47:54.338 [main] INFO com.zaxxer.hikari.pool.HikariPool - dbAkadPool - Closed.
</system-out>
    <system-err>Jul 02, 2019 11:47:54 AM org.springframework.beans.factory.xml.XmlBeanDefinitionReader loadBeanDefinitions
INFO: Loading XML bean definitions from class path resource [test-context.xml]
Jul 02, 2019 11:47:54 AM org.springframework.beans.factory.xml.XmlBeanDefinitionReader loadBeanDefinitions
INFO: Loading XML bean definitions from class path resource [akademik-endpoint-beans.xml]
Jul 02, 2019 11:47:54 AM org.springframework.beans.factory.xml.XmlBeanDefinitionReader loadBeanDefinitions
INFO: Loading XML bean definitions from class path resource [akademik-data-beans.xml]
Jul 02, 2019 11:47:54 AM org.springframework.beans.factory.xml.XmlBeanDefinitionReader loadBeanDefinitions
INFO: Loading XML bean definitions from class path resource [akademik-db-config.xml]
Jul 02, 2019 11:47:54 AM org.springframework.beans.factory.xml.XmlBeanDefinitionReader loadBeanDefinitions
INFO: Loading XML bean definitions from class path resource [akademik-redis-config.xml]
Jul 02, 2019 11:47:54 AM org.springframework.beans.factory.xml.XmlBeanDefinitionReader loadBeanDefinitions
INFO: Loading XML bean definitions from class path resource [akademik-redis-data.xml]
Jul 02, 2019 11:47:54 AM org.springframework.beans.factory.xml.XmlBeanDefinitionReader loadBeanDefinitions
INFO: Loading XML bean definitions from class path resource [akademik-redis-config.xml]
Jul 02, 2019 11:47:54 AM org.springframework.beans.factory.support.DefaultListableBeanFactory registerBeanDefinition
INFO: Overriding bean definition for bean &apos;jedisConnectionFactory&apos;: replacing [Generic bean: class [org.springframework.data.redis.connection.jedis.JedisConnectionFactory]; scope=; abstract=false; lazyInit=false; autowireMode=0; dependencyCheck=0; autowireCandidate=true; primary=false; factoryBeanName=null; factoryMethodName=null; initMethodName=null; destroyMethodName=null; defined in class path resource [akademik-redis-config.xml]] with [Generic bean: class [org.springframework.data.redis.connection.jedis.JedisConnectionFactory]; scope=; abstract=false; lazyInit=false; autowireMode=0; dependencyCheck=0; autowireCandidate=true; primary=false; factoryBeanName=null; factoryMethodName=null; initMethodName=null; destroyMethodName=null; defined in class path resource [akademik-redis-config.xml]]
Jul 02, 2019 11:47:54 AM org.springframework.beans.factory.support.DefaultListableBeanFactory registerBeanDefinition
INFO: Overriding bean definition for bean &apos;sentinelConfig&apos;: replacing [Generic bean: class [org.springframework.data.redis.connection.RedisSentinelConfiguration]; scope=; abstract=false; lazyInit=false; autowireMode=0; dependencyCheck=0; autowireCandidate=true; primary=false; factoryBeanName=null; factoryMethodName=null; initMethodName=null; destroyMethodName=null; defined in class path resource [akademik-redis-config.xml]] with [Generic bean: class [org.springframework.data.redis.connection.RedisSentinelConfiguration]; scope=; abstract=false; lazyInit=false; autowireMode=0; dependencyCheck=0; autowireCandidate=true; primary=false; factoryBeanName=null; factoryMethodName=null; initMethodName=null; destroyMethodName=null; defined in class path resource [akademik-redis-config.xml]]
Jul 02, 2019 11:47:54 AM org.springframework.beans.factory.support.DefaultListableBeanFactory registerBeanDefinition
INFO: Overriding bean definition for bean &apos;sentinels&apos;: replacing [Generic bean: class [org.springframework.beans.factory.config.SetFactoryBean]; scope=; abstract=false; lazyInit=false; autowireMode=0; dependencyCheck=0; autowireCandidate=true; primary=false; factoryBeanName=null; factoryMethodName=null; initMethodName=null; destroyMethodName=null] with [Generic bean: class [org.springframework.beans.factory.config.SetFactoryBean]; scope=; abstract=false; lazyInit=false; autowireMode=0; dependencyCheck=0; autowireCandidate=true; primary=false; factoryBeanName=null; factoryMethodName=null; initMethodName=null; destroyMethodName=null]
Jul 02, 2019 11:47:54 AM org.springframework.beans.factory.support.DefaultListableBeanFactory registerBeanDefinition
INFO: Overriding bean definition for bean &apos;sentinel1&apos;: replacing [Generic bean: class [org.springframework.data.redis.connection.RedisNode]; scope=; abstract=false; lazyInit=false; autowireMode=0; dependencyCheck=0; autowireCandidate=true; primary=false; factoryBeanName=null; factoryMethodName=null; initMethodName=null; destroyMethodName=null; defined in class path resource [akademik-redis-config.xml]] with [Generic bean: class [org.springframework.data.redis.connection.RedisNode]; scope=; abstract=false; lazyInit=false; autowireMode=0; dependencyCheck=0; autowireCandidate=true; primary=false; factoryBeanName=null; factoryMethodName=null; initMethodName=null; destroyMethodName=null; defined in class path resource [akademik-redis-config.xml]]
Jul 02, 2019 11:47:54 AM org.springframework.beans.factory.support.DefaultListableBeanFactory registerBeanDefinition
INFO: Overriding bean definition for bean &apos;sentinel2&apos;: replacing [Generic bean: class [org.springframework.data.redis.connection.RedisNode]; scope=; abstract=false; lazyInit=false; autowireMode=0; dependencyCheck=0; autowireCandidate=true; primary=false; factoryBeanName=null; factoryMethodName=null; initMethodName=null; destroyMethodName=null; defined in class path resource [akademik-redis-config.xml]] with [Generic bean: class [org.springframework.data.redis.connection.RedisNode]; scope=; abstract=false; lazyInit=false; autowireMode=0; dependencyCheck=0; autowireCandidate=true; primary=false; factoryBeanName=null; factoryMethodName=null; initMethodName=null; destroyMethodName=null; defined in class path resource [akademik-redis-config.xml]]
Jul 02, 2019 11:47:54 AM org.springframework.beans.factory.support.DefaultListableBeanFactory registerBeanDefinition
INFO: Overriding bean definition for bean &apos;stringRedisSerializer&apos;: replacing [Generic bean: class [org.springframework.data.redis.serializer.StringRedisSerializer]; scope=; abstract=false; lazyInit=false; autowireMode=0; dependencyCheck=0; autowireCandidate=true; primary=false; factoryBeanName=null; factoryMethodName=null; initMethodName=null; destroyMethodName=null; defined in class path resource [akademik-redis-config.xml]] with [Generic bean: class [org.springframework.data.redis.serializer.StringRedisSerializer]; scope=; abstract=false; lazyInit=false; autowireMode=0; dependencyCheck=0; autowireCandidate=true; primary=false; factoryBeanName=null; factoryMethodName=null; initMethodName=null; destroyMethodName=null; defined in class path resource [akademik-redis-config.xml]]
Jul 02, 2019 11:47:54 AM org.springframework.beans.factory.support.DefaultListableBeanFactory registerBeanDefinition
INFO: Overriding bean definition for bean &apos;jsonRedisSerializer&apos;: replacing [Generic bean: class [org.springframework.data.redis.serializer.GenericJackson2JsonRedisSerializer]; scope=; abstract=false; lazyInit=false; autowireMode=0; dependencyCheck=0; autowireCandidate=true; primary=false; factoryBeanName=null; factoryMethodName=null; initMethodName=null; destroyMethodName=null; defined in class path resource [akademik-redis-config.xml]] with [Generic bean: class [org.springframework.data.redis.serializer.GenericJackson2JsonRedisSerializer]; scope=; abstract=false; lazyInit=false; autowireMode=0; dependencyCheck=0; autowireCandidate=true; primary=false; factoryBeanName=null; factoryMethodName=null; initMethodName=null; destroyMethodName=null; defined in class path resource [akademik-redis-config.xml]]
Jul 02, 2019 11:47:54 AM org.springframework.beans.factory.support.DefaultListableBeanFactory registerBeanDefinition
INFO: Overriding bean definition for bean &apos;redisTemplate&apos;: replacing [Generic bean: class [org.springframework.data.redis.core.RedisTemplate]; scope=; abstract=false; lazyInit=false; autowireMode=0; dependencyCheck=0; autowireCandidate=true; primary=false; factoryBeanName=null; factoryMethodName=null; initMethodName=null; destroyMethodName=null; defined in class path resource [akademik-redis-config.xml]] with [Generic bean: class [org.springframework.data.redis.core.RedisTemplate]; scope=; abstract=false; lazyInit=false; autowireMode=0; dependencyCheck=0; autowireCandidate=true; primary=false; factoryBeanName=null; factoryMethodName=null; initMethodName=null; destroyMethodName=null; defined in class path resource [akademik-redis-config.xml]]
Jul 02, 2019 11:47:54 AM org.springframework.beans.factory.xml.XmlBeanDefinitionReader loadBeanDefinitions
INFO: Loading XML bean definitions from class path resource [integra-filter-beans.xml]
Jul 02, 2019 11:47:54 AM org.springframework.beans.factory.xml.XmlBeanDefinitionReader loadBeanDefinitions
INFO: Loading XML bean definitions from class path resource [integra-service-beans.xml]
Jul 02, 2019 11:47:54 AM org.springframework.beans.factory.xml.XmlBeanDefinitionReader loadBeanDefinitions
INFO: Loading XML bean definitions from class path resource [integra-data-beans.xml]
Jul 02, 2019 11:47:54 AM org.springframework.beans.factory.xml.XmlBeanDefinitionReader loadBeanDefinitions
INFO: Loading XML bean definitions from class path resource [integra-db-config.xml]
Jul 02, 2019 11:47:54 AM org.springframework.context.support.AbstractApplicationContext prepareRefresh
INFO: Refreshing org.springframework.context.support.GenericApplicationContext@5cdf39b2: startup date [Tue Jul 02 11:47:54 ICT 2019]; root of context hierarchy
Jul 02, 2019 11:47:54 AM org.springframework.test.context.TestContextManager prepareTestInstance
SEVERE: Caught exception while allowing TestExecutionListener [org.springframework.test.context.support.DependencyInjectionTestExecutionListener@776802b0] to prepare test instance [id.its.akademik.rest.test.WaliRestEndpointTest@6a282fdd]
java.lang.IllegalStateException: Failed to load ApplicationContext
	at org.springframework.test.context.CacheAwareContextLoaderDelegate.loadContext(CacheAwareContextLoaderDelegate.java:99)
	at org.springframework.test.context.DefaultTestContext.getApplicationContext(DefaultTestContext.java:101)
	at org.springframework.test.context.support.DependencyInjectionTestExecutionListener.injectDependencies(DependencyInjectionTestExecutionListener.java:109)
	at org.springframework.test.context.support.DependencyInjectionTestExecutionListener.prepareTestInstance(DependencyInjectionTestExecutionListener.java:75)
	at org.springframework.test.context.TestContextManager.prepareTestInstance(TestContextManager.java:326)
	at org.springframework.test.context.junit4.SpringJUnit4ClassRunner.createTest(SpringJUnit4ClassRunner.java:212)
	at org.springframework.test.context.junit4.SpringJUnit4ClassRunner$1.runReflectiveCall(SpringJUnit4ClassRunner.java:289)
	at org.junit.internal.runners.model.ReflectiveCallable.run(ReflectiveCallable.java:12)
	at org.springframework.test.context.junit4.SpringJUnit4ClassRunner.methodBlock(SpringJUnit4ClassRunner.java:291)
	at org.springframework.test.context.junit4.SpringJUnit4ClassRunner.runChild(SpringJUnit4ClassRunner.java:232)
	at org.springframework.test.context.junit4.SpringJUnit4ClassRunner.runChild(SpringJUnit4ClassRunner.java:89)
	at org.junit.runners.ParentRunner$3.run(ParentRunner.java:290)
	at org.junit.runners.ParentRunner$1.schedule(ParentRunner.java:71)
	at org.junit.runners.ParentRunner.runChildren(ParentRunner.java:288)
	at org.junit.runners.ParentRunner.access$000(ParentRunner.java:58)
	at org.junit.runners.ParentRunner$2.evaluate(ParentRunner.java:268)
	at org.springframework.test.context.junit4.statements.RunBeforeTestClassCallbacks.evaluate(RunBeforeTestClassCallbacks.java:61)
	at org.springframework.test.context.junit4.statements.RunAfterTestClassCallbacks.evaluate(RunAfterTestClassCallbacks.java:71)
	at org.junit.runners.ParentRunner.run(ParentRunner.java:363)
	at org.springframework.test.context.junit4.SpringJUnit4ClassRunner.run(SpringJUnit4ClassRunner.java:175)
	at org.apache.maven.surefire.junit4.JUnit4Provider.execute(JUnit4Provider.java:252)
	at org.apache.maven.surefire.junit4.JUnit4Provider.executeTestSet(JUnit4Provider.java:141)
	at org.apache.maven.surefire.junit4.JUnit4Provider.invoke(JUnit4Provider.java:112)
	at sun.reflect.NativeMethodAccessorImpl.invoke0(Native Method)
	at sun.reflect.NativeMethodAccessorImpl.invoke(NativeMethodAccessorImpl.java:62)
	at sun.reflect.DelegatingMethodAccessorImpl.invoke(DelegatingMethodAccessorImpl.java:43)
	at java.lang.reflect.Method.invoke(Method.java:498)
	at org.apache.maven.surefire.util.ReflectionUtils.invokeMethodWithArray(ReflectionUtils.java:189)
	at org.apache.maven.surefire.booter.ProviderFactory$ProviderProxy.invoke(ProviderFactory.java:165)
	at org.apache.maven.surefire.booter.ProviderFactory.invokeProvider(ProviderFactory.java:85)
	at org.apache.maven.surefire.booter.ForkedBooter.runSuitesInProcess(ForkedBooter.java:115)
	at org.apache.maven.surefire.booter.ForkedBooter.main(ForkedBooter.java:75)
Caused by: org.springframework.beans.factory.BeanCreationException: Error creating bean with name &apos;testCxfServer&apos;: Invocation of init method failed; nested exception is org.apache.cxf.service.factory.ServiceConstructionException
	at org.springframework.beans.factory.support.AbstractAutowireCapableBeanFactory.initializeBean(AbstractAutowireCapableBeanFactory.java:1553)
	at org.springframework.beans.factory.support.AbstractAutowireCapableBeanFactory.doCreateBean(AbstractAutowireCapableBeanFactory.java:539)
	at org.springframework.beans.factory.support.AbstractAutowireCapableBeanFactory.createBean(AbstractAutowireCapableBeanFactory.java:475)
	at org.springframework.beans.factory.support.AbstractBeanFactory$1.getObject(AbstractBeanFactory.java:304)
	at org.springframework.beans.factory.support.DefaultSingletonBeanRegistry.getSingleton(DefaultSingletonBeanRegistry.java:228)
	at org.springframework.beans.factory.support.AbstractBeanFactory.doGetBean(AbstractBeanFactory.java:300)
	at org.springframework.beans.factory.support.AbstractBeanFactory.getBean(AbstractBeanFactory.java:195)
	at org.springframework.beans.factory.support.DefaultListableBeanFactory.preInstantiateSingletons(DefaultListableBeanFactory.java:700)
	at org.springframework.context.support.AbstractApplicationContext.finishBeanFactoryInitialization(AbstractApplicationContext.java:760)
	at org.springframework.context.support.AbstractApplicationContext.refresh(AbstractApplicationContext.java:482)
	at org.springframework.test.context.support.AbstractGenericContextLoader.loadContext(AbstractGenericContextLoader.java:121)
	at org.springframework.test.context.support.AbstractGenericContextLoader.loadContext(AbstractGenericContextLoader.java:60)
	at org.springframework.test.context.support.AbstractDelegatingSmartContextLoader.delegateLoading(AbstractDelegatingSmartContextLoader.java:100)
	at org.springframework.test.context.support.AbstractDelegatingSmartContextLoader.loadContext(AbstractDelegatingSmartContextLoader.java:250)
	at org.springframework.test.context.CacheAwareContextLoaderDelegate.loadContextInternal(CacheAwareContextLoaderDelegate.java:64)
	at org.springframework.test.context.CacheAwareContextLoaderDelegate.loadContext(CacheAwareContextLoaderDelegate.java:91)
	... 31 more
Caused by: org.apache.cxf.service.factory.ServiceConstructionException
	at org.apache.cxf.jaxrs.JAXRSServerFactoryBean.create(JAXRSServerFactoryBean.java:213)
	at sun.reflect.NativeMethodAccessorImpl.invoke0(Native Method)
	at sun.reflect.NativeMethodAccessorImpl.invoke(NativeMethodAccessorImpl.java:62)
	at sun.reflect.DelegatingMethodAccessorImpl.invoke(DelegatingMethodAccessorImpl.java:43)
	at java.lang.reflect.Method.invoke(Method.java:498)
	at org.springframework.beans.factory.support.AbstractAutowireCapableBeanFactory.invokeCustomInitMethod(AbstractAutowireCapableBeanFactory.java:1681)
	at org.springframework.beans.factory.support.AbstractAutowireCapableBeanFactory.invokeInitMethods(AbstractAutowireCapableBeanFactory.java:1620)
	at org.springframework.beans.factory.support.AbstractAutowireCapableBeanFactory.initializeBean(AbstractAutowireCapableBeanFactory.java:1549)
	... 46 more
Caused by: java.io.IOException: Cannot find any registered HttpDestinationFactory from the Bus.
	at org.apache.cxf.transport.http.HTTPTransportFactory.getDestination(HTTPTransportFactory.java:296)
	at org.apache.cxf.endpoint.ServerImpl.initDestination(ServerImpl.java:83)
	at org.apache.cxf.endpoint.ServerImpl.&lt;init&gt;(ServerImpl.java:62)
	at org.apache.cxf.jaxrs.JAXRSServerFactoryBean.create(JAXRSServerFactoryBean.java:165)
	... 53 more

</system-err>
  </testcase>
</testsuite>